<?xml version="1.0" encoding="UTF-8"?>
<!-- Generated by org.testng.reporters.JUnitReportReporter -->
<testsuite hostname="Mysenses-MacBook-Pro.local" failures="0" tests="3" name="TestNG_Listners.TestNG_listner_demo" time="0.012" errors="0" timestamp="2023-01-23T16:23:40 IST" skipped="0">
  <testcase classname="TestNG_Listners.TestNG_listner_demo" name="test3" time="0.001"/>
  <system-out/>
  <testcase classname="TestNG_Listners.TestNG_listner_demo" name="test2" time="0.001"/>
  <system-out/>
  <testcase classname="TestNG_Listners.TestNG_listner_demo" name="test1" time="0.010"/>
  <system-out/>
</testsuite> <!-- TestNG_Listners.TestNG_listner_demo -->
