<?xml version="1.0" encoding="UTF-8"?>
<!-- Generated by org.testng.reporters.JUnitReportReporter -->
<testsuite hostname="Mysenses-MacBook-Pro.local" failures="0" tests="1" name="POM_NewPackage2.GoogleSearchTestNG" time="11.087" errors="0" timestamp="2023-01-04T12:42:50 IST" skipped="0">
  <testcase classname="POM_NewPackage2.GoogleSearchTestNG" name="googleSearch" time="11.087"/>
  <system-out/>
</testsuite> <!-- POM_NewPackage2.GoogleSearchTestNG -->
