<?xml version="1.0" encoding="UTF-8"?>
<!-- Generated by org.testng.reporters.JUnitReportReporter -->
<testsuite hostname="Mysenses-MacBook-Pro.local" failures="0" tests="1" name="POM_NewPackage2.GoogleSearchTestNG2" time="12.934" errors="0" timestamp="2023-01-12T10:53:42 IST" skipped="0">
  <testcase classname="POM_NewPackage2.GoogleSearchTestNG2" name="googleSearch" time="12.934"/>
  <system-out/>
</testsuite> <!-- POM_NewPackage2.GoogleSearchTestNG2 -->
