<?xml version="1.0" encoding="UTF-8"?>
<!-- Generated by org.testng.reporters.JUnitReportReporter -->
<testsuite hostname="Mysenses-MacBook-Pro.local" failures="0" tests="2" name="POM_NewPackage2.ExtentReportTestNG" time="6.084" errors="0" timestamp="2023-01-05T18:13:57 IST" skipped="0">
  <testcase classname="POM_NewPackage2.ExtentReportTestNG" name="test1" time="2.335"/>
  <system-out/>
  <testcase classname="POM_NewPackage2.ExtentReportTestNG" name="test2" time="3.749"/>
  <system-out/>
</testsuite> <!-- POM_NewPackage2.ExtentReportTestNG -->
