<?xml version="1.0" encoding="UTF-8"?>
<!-- Generated by org.testng.reporters.JUnitReportReporter -->
<testsuite hostname="Mysenses-MacBook-Pro.local" failures="0" tests="1" name="POM_NewPackage2.GoogleSearchTestNG" time="10.586" errors="0" timestamp="2023-01-11T18:20:01 IST" skipped="0">
  <testcase classname="POM_NewPackage2.GoogleSearchTestNG" name="googleSearch" time="10.586"/>
  <system-out/>
</testsuite> <!-- POM_NewPackage2.GoogleSearchTestNG -->
